AutomaticAlcohol/app/build/outputs/logs/manifest-merger-debug-report.txt
-- Merging decision tree log ---
manifest
ADDED from src/main/AndroidManifest.xml:2:1-51:12
INJECTED from src/main/AndroidManifest.xml:2:1-51:12
INJECTED from src/main/AndroidManifest.xml:2:1-51:12
INJECTED from src/main/AndroidManifest.xml:2:1-51:12
MERGED from [com.android.support:multidex:1.0.3] AndroidManifest.xml:17:1-22:12
MERGED from [com.android.support:design:27.1.1] AndroidManifest.xml:17:1-22:12
MERGED from [com.android.support:appcompat-v7:27.1.1] AndroidManifest.xml:17:1-22:12
MERGED from [com.android.support.constraint:constraint-layout:1.1.3] AndroidManifest.xml:2:1-11:12
MERGED from [com.google.android.gms:play-services-auth:16.0.1] AndroidManifest.xml:17:1-39:12
MERGED from [com.google.firebase:firebase-auth:16.0.5] AndroidManifest.xml:17:1-42:12
MERGED from [com.google.firebase:firebase-database:16.0.3] AndroidManifest.xml:15:1-25:12
MERGED from [com.google.firebase:firebase-messaging:17.3.4] AndroidManifest.xml:17:1-37:12
MERGED from [com.google.firebase:firebase-firestore:17.1.1] AndroidManifest.xml:2:1-21:12
MERGED from [com.google.android.gms:play-services-auth-api-phone:16.0.0] AndroidManifest.xml:2:1-7:12
MERGED from [com.google.android.gms:play-services-auth-base:16.0.0] AndroidManifest.xml:2:1-7:12
MERGED from [com.google.android.gms:play-services-flags:16.0.1] AndroidManifest.xml:17:1-22:12
MERGED from [com.google.firebase:firebase-auth-interop:16.0.1] AndroidManifest.xml:2:1-10:12
MERGED from [com.google.firebase:firebase-core:16.0.4] AndroidManifest.xml:2:1-9:12
MERGED from [com.google.firebase:firebase-measurement-connector-impl:17.0.2] AndroidManifest.xml:17:1-34:12
MERGED from [com.google.firebase:firebase-analytics:16.0.4] AndroidManifest.xml:17:1-55:12
MERGED from [com.google.android.gms:play-services-measurement-api:16.0.2] AndroidManifest.xml:17:1-25:12
MERGED from [com.google.firebase:firebase-analytics-impl:16.2.2] AndroidManifest.xml:17:1-40:12
MERGED from [com.google.firebase:firebase-iid:17.0.4] AndroidManifest.xml:17:1-59:12
MERGED from [com.google.firebase:firebase-iid-interop:16.0.1] AndroidManifest.xml:2:1-10:12
MERGED from [com.google.android.gms:play-services-base:16.0.1] AndroidManifest.xml:17:1-29:12
MERGED from [com.google.firebase:firebase-common:16.0.3] AndroidManifest.xml:2:1-17:12
MERGED from [com.google.android.gms:play-services-tasks:16.0.1] AndroidManifest.xml:2:1-9:12
MERGED from [com.google.firebase:firebase-database-collection:16.0.0] AndroidManifest.xml:2:1-8:12
MERGED from [com.google.firebase:firebase-measurement-connector:17.0.1] AndroidManifest.xml:17:1-25:12
MERGED from [com.google.android.gms:play-services-stats:16.0.1] AndroidManifest.xml:2:1-9:12
MERGED from [com.google.android.gms:play-services-ads-identifier:16.0.0] AndroidManifest.xml:17:1-24:12
MERGED from [com.google.android.gms:play-services-basement:16.1.0] AndroidManifest.xml:17:1-28:12
MERGED from [com.android.support:support-v4:27.1.1] AndroidManifest.xml:17:1-22:12
MERGED from [com.android.support:cardview-v7:27.1.1] AndroidManifest.xml:17:1-22:12
MERGED from [com.android.support:support-fragment:27.1.1] AndroidManifest.xml:17:1-22:12
MERGED from [com.android.support:animated-vector-drawable:27.1.1] AndroidManifest.xml:17:1-22:12
MERGED from [com.android.support:recyclerview-v7:27.1.1] AndroidManifest.xml:17:1-22:12
MERGED from [com.android.support:support-core-ui:27.1.1] AndroidManifest.xml:17:1-22:12
MERGED from [com.android.support:support-core-utils:27.1.1] AndroidManifest.xml:17:1-22:12
MERGED from [com.android.support:support-vector-drawable:27.1.1] AndroidManifest.xml:17:1-22:12
MERGED from [com.android.support:transition:27.1.1] AndroidManifest.xml:17:1-22:12
MERGED from [com.android.support:support-media-compat:27.1.1] AndroidManifest.xml:17:1-22:12
MERGED from [com.android.support:support-compat:27.1.1] AndroidManifest.xml:17:1-22:12
MERGED from [android.arch.lifecycle:runtime:1.1.1] AndroidManifest.xml:17:1-22:12
MERGED from [android.arch.lifecycle:livedata-core:1.1.0] AndroidManifest.xml:17:1-22:12
MERGED from [android.arch.core:runtime:1.1.1] AndroidManifest.xml:17:1-22:12
MERGED from [com.google.firebase:protolite-well-known-types:16.0.0] AndroidManifest.xml:2:1-11:12
MERGED from [android.arch.lifecycle:viewmodel:1.1.0] AndroidManifest.xml:17:1-22:12
MERGED from [com.google.android.gms:play-services-measurement-base:16.0.3] AndroidManifest.xml:2:1-9:12
INJECTED from src/main/AndroidManifest.xml:2:1-51:12
INJECTED from src/main/AndroidManifest.xml:2:1-51:12
INJECTED from src/main/AndroidManifest.xml:2:1-51:12
	package
		ADDED from src/main/AndroidManifest.xml:3:5-50
		INJECTED from src/main/AndroidManifest.xml
		INJECTED from src/main/AndroidManifest.xml
	android:versionName
		INJECTED from src/main/AndroidManifest.xml
		ADDED from src/main/AndroidManifest.xml:2:1-51:12
		INJECTED from src/main/AndroidManifest.xml
	android:versionCode
		INJECTED from src/main/AndroidManifest.xml
		ADDED from src/main/AndroidManifest.xml:2:1-51:12
		INJECTED from src/main/AndroidManifest.xml
	xmlns:android
		ADDED from src/main/AndroidManifest.xml:2:11-69
uses-permission#android.permission.BLUETOOTH
ADDED from src/main/AndroidManifest.xml:5:5-68
	android:name
		ADDED from src/main/AndroidManifest.xml:5:22-65
uses-permission#android.permission.BLUETOOTH_ADMIN
ADDED from src/main/AndroidManifest.xml:6:5-74
	android:name
		ADDED from src/main/AndroidManifest.xml:6:22-71
uses-permission#android.permission.GET_ACCOUNTS
ADDED from src/main/AndroidManifest.xml:9:5-71
	android:name
		ADDED from src/main/AndroidManifest.xml:9:22-68
uses-permission#android.permission.READ_PROFILE
ADDED from src/main/AndroidManifest.xml:10:5-71
	android:name
		ADDED from src/main/AndroidManifest.xml:10:22-68
uses-permission#android.permission.READ_CONTACTS
ADDED from src/main/AndroidManifest.xml:11:5-72
	android:name
		ADDED from src/main/AndroidManifest.xml:11:22-69
application
ADDED from src/main/AndroidManifest.xml:13:5-49:19
MERGED from [com.android.support.constraint:constraint-layout:1.1.3] AndroidManifest.xml:9:5-20
MERGED from [com.android.support.constraint:constraint-layout:1.1.3] AndroidManifest.xml:9:5-20
MERGED from [com.google.android.gms:play-services-auth:16.0.1] AndroidManifest.xml:22:5-37:19
MERGED from [com.google.android.gms:play-services-auth:16.0.1] AndroidManifest.xml:22:5-37:19
MERGED from [com.google.firebase:firebase-auth:16.0.5] AndroidManifest.xml:23:5-40:19
MERGED from [com.google.firebase:firebase-auth:16.0.5] AndroidManifest.xml:23:5-40:19
MERGED from [com.google.firebase:firebase-messaging:17.3.4] AndroidManifest.xml:22:5-35:19
MERGED from [com.google.firebase:firebase-messaging:17.3.4] AndroidManifest.xml:22:5-35:19
MERGED from [com.google.firebase:firebase-firestore:17.1.1] AndroidManifest.xml:13:5-19:19
MERGED from [com.google.firebase:firebase-firestore:17.1.1] AndroidManifest.xml:13:5-19:19
MERGED from [com.google.firebase:firebase-auth-interop:16.0.1] AndroidManifest.xml:7:5-8:19
MERGED from [com.google.firebase:firebase-auth-interop:16.0.1] AndroidManifest.xml:7:5-8:19
MERGED from [com.google.firebase:firebase-core:16.0.4] AndroidManifest.xml:7:5-20
MERGED from [com.google.firebase:firebase-core:16.0.4] AndroidManifest.xml:7:5-20
MERGED from [com.google.firebase:firebase-measurement-connector-impl:17.0.2] AndroidManifest.xml:26:5-32:19
MERGED from [com.google.firebase:firebase-measurement-connector-impl:17.0.2] AndroidManifest.xml:26:5-32:19
MERGED from [com.google.firebase:firebase-analytics:16.0.4] AndroidManifest.xml:28:5-53:19
MERGED from [com.google.firebase:firebase-analytics:16.0.4] AndroidManifest.xml:28:5-53:19
MERGED from [com.google.android.gms:play-services-measurement-api:16.0.2] AndroidManifest.xml:22:5-23:19
MERGED from [com.google.android.gms:play-services-measurement-api:16.0.2] AndroidManifest.xml:22:5-23:19
MERGED from [com.google.firebase:firebase-analytics-impl:16.2.2] AndroidManifest.xml:28:5-38:19
MERGED from [com.google.firebase:firebase-analytics-impl:16.2.2] AndroidManifest.xml:28:5-38:19
MERGED from [com.google.firebase:firebase-iid:17.0.4] AndroidManifest.xml:28:5-57:19
MERGED from [com.google.firebase:firebase-iid:17.0.4] AndroidManifest.xml:28:5-57:19
MERGED from [com.google.firebase:firebase-iid-interop:16.0.1] AndroidManifest.xml:7:5-8:19
MERGED from [com.google.firebase:firebase-iid-interop:16.0.1] AndroidManifest.xml:7:5-8:19
MERGED from [com.google.android.gms:play-services-base:16.0.1] AndroidManifest.xml:22:5-27:19
MERGED from [com.google.android.gms:play-services-base:16.0.1] AndroidManifest.xml:22:5-27:19
MERGED from [com.google.firebase:firebase-common:16.0.3] AndroidManifest.xml:9:5-15:19
MERGED from [com.google.firebase:firebase-common:16.0.3] AndroidManifest.xml:9:5-15:19
MERGED from [com.google.android.gms:play-services-tasks:16.0.1] AndroidManifest.xml:7:5-20
MERGED from [com.google.android.gms:play-services-tasks:16.0.1] AndroidManifest.xml:7:5-20
MERGED from [com.google.firebase:firebase-measurement-connector:17.0.1] AndroidManifest.xml:22:5-23:19
MERGED from [com.google.firebase:firebase-measurement-connector:17.0.1] AndroidManifest.xml:22:5-23:19
MERGED from [com.google.android.gms:play-services-stats:16.0.1] AndroidManifest.xml:7:5-20
MERGED from [com.google.android.gms:play-services-stats:16.0.1] AndroidManifest.xml:7:5-20
MERGED from [com.google.android.gms:play-services-ads-identifier:16.0.0] AndroidManifest.xml:22:5-20
MERGED from [com.google.android.gms:play-services-ads-identifier:16.0.0] AndroidManifest.xml:22:5-20
MERGED from [com.google.android.gms:play-services-basement:16.1.0] AndroidManifest.xml:22:5-26:19
MERGED from [com.google.android.gms:play-services-basement:16.1.0] AndroidManifest.xml:22:5-26:19
MERGED from [com.google.android.gms:play-services-measurement-base:16.0.3] AndroidManifest.xml:7:5-20
MERGED from [com.google.android.gms:play-services-measurement-base:16.0.3] AndroidManifest.xml:7:5-20
	android:supportsRtl
		ADDED from src/main/AndroidManifest.xml:18:9-35
	android:label
		ADDED from src/main/AndroidManifest.xml:16:9-41
	android:roundIcon
		ADDED from src/main/AndroidManifest.xml:17:9-54
	android:icon
		ADDED from src/main/AndroidManifest.xml:15:9-43
	android:allowBackup
		ADDED from src/main/AndroidManifest.xml:14:9-35
	android:theme
		ADDED from src/main/AndroidManifest.xml:19:9-40
	android:name
		ADDED from src/main/AndroidManifest.xml:20:9-68
activity#com.example.nathan.automaticalcohol.Activities.MainActivity
ADDED from src/main/AndroidManifest.xml:21:9-28:20
	android:name
		ADDED from src/main/AndroidManifest.xml:21:19-58
intent-filter#action:name:android.intent.action.MAIN+category:name:android.intent.category.LAUNCHER
ADDED from src/main/AndroidManifest.xml:24:13-27:29
action#android.intent.action.MAIN
ADDED from src/main/AndroidManifest.xml:25:17-69
	android:name
		ADDED from src/main/AndroidManifest.xml:25:25-66
category#android.intent.category.LAUNCHER
ADDED from src/main/AndroidManifest.xml:26:17-77
	android:name
		ADDED from src/main/AndroidManifest.xml:26:27-74
activity#com.example.nathan.automaticalcohol.Activities.PinActivity
ADDED from src/main/AndroidManifest.xml:29:9-33:62
	android:screenOrientation
		ADDED from src/main/AndroidManifest.xml:33:13-50
	android:label
		ADDED from src/main/AndroidManifest.xml:31:13-61
	android:theme
		ADDED from src/main/AndroidManifest.xml:32:13-56
	android:name
		ADDED from src/main/AndroidManifest.xml:30:13-51
activity#com.example.nathan.automaticalcohol.Activities.BartenderActivity
ADDED from src/main/AndroidManifest.xml:34:9-38:62
	android:screenOrientation
		ADDED from src/main/AndroidManifest.xml:38:13-50
	android:label
		ADDED from src/main/AndroidManifest.xml:36:13-61
	android:theme
		ADDED from src/main/AndroidManifest.xml:37:13-56
	android:name
		ADDED from src/main/AndroidManifest.xml:35:13-57
activity#com.example.nathan.automaticalcohol.Activities.UserActivity
ADDED from src/main/AndroidManifest.xml:39:9-43:61
	android:screenOrientation
		ADDED from src/main/AndroidManifest.xml:43:13-49
	android:label
		ADDED from src/main/AndroidManifest.xml:41:13-56
	android:theme
		ADDED from src/main/AndroidManifest.xml:42:13-56
	android:name
		ADDED from src/main/AndroidManifest.xml:40:13-52
service#com.example.nathan.automaticalcohol.MyFirebaseMessagingService
ADDED from src/main/AndroidManifest.xml:44:9-48:19
	android:name
		ADDED from src/main/AndroidManifest.xml:44:18-60
intent-filter#action:name:com.google.firebase.MESSAGING_EVENT
ADDED from src/main/AndroidManifest.xml:45:13-47:29
action#com.google.firebase.MESSAGING_EVENT
ADDED from src/main/AndroidManifest.xml:46:17-78
	android:name
		ADDED from src/main/AndroidManifest.xml:46:25-75
uses-sdk
INJECTED from src/main/AndroidManifest.xml reason: use-sdk injection requested
INJECTED from src/main/AndroidManifest.xml
INJECTED from src/main/AndroidManifest.xml
MERGED from [com.android.support:multidex:1.0.3] AndroidManifest.xml:20:5-43
MERGED from [com.android.support:multidex:1.0.3] AndroidManifest.xml:20:5-43
MERGED from [com.android.support:design:27.1.1] AndroidManifest.xml:20:5-44
MERGED from [com.android.support:design:27.1.1] AndroidManifest.xml:20:5-44
MERGED from [com.android.support:appcompat-v7:27.1.1] AndroidManifest.xml:20:5-44
MERGED from [com.android.support:appcompat-v7:27.1.1] AndroidManifest.xml:20:5-44
MERGED from [com.android.support.constraint:constraint-layout:1.1.3] AndroidManifest.xml:5:5-7:41
MERGED from [com.android.support.constraint:constraint-layout:1.1.3] AndroidManifest.xml:5:5-7:41
MERGED from [com.google.android.gms:play-services-auth:16.0.1] AndroidManifest.xml:20:5-44
MERGED from [com.google.android.gms:play-services-auth:16.0.1] AndroidManifest.xml:20:5-44
MERGED from [com.google.firebase:firebase-auth:16.0.5] AndroidManifest.xml:21:5-44
MERGED from [com.google.firebase:firebase-auth:16.0.5] AndroidManifest.xml:21:5-44
MERGED from [com.google.firebase:firebase-database:16.0.3] AndroidManifest.xml:18:5-20:41
MERGED from [com.google.firebase:firebase-database:16.0.3] AndroidManifest.xml:18:5-20:41
MERGED from [com.google.firebase:firebase-messaging:17.3.4] AndroidManifest.xml:20:5-44
MERGED from [com.google.firebase:firebase-messaging:17.3.4] AndroidManifest.xml:20:5-44
MERGED from [com.google.firebase:firebase-firestore:17.1.1] AndroidManifest.xml:6:5-8:41
MERGED from [com.google.firebase:firebase-firestore:17.1.1] AndroidManifest.xml:6:5-8:41
MERGED from [com.google.android.gms:play-services-auth-api-phone:16.0.0] AndroidManifest.xml:5:5-44
MERGED from [com.google.android.gms:play-services-auth-api-phone:16.0.0] AndroidManifest.xml:5:5-44
MERGED from [com.google.android.gms:play-services-auth-base:16.0.0] AndroidManifest.xml:5:5-44
MERGED from [com.google.android.gms:play-services-auth-base:16.0.0] AndroidManifest.xml:5:5-44
MERGED from [com.google.android.gms:play-services-flags:16.0.1] AndroidManifest.xml:20:5-44
MERGED from [com.google.android.gms:play-services-flags:16.0.1] AndroidManifest.xml:20:5-44
MERGED from [com.google.firebase:firebase-auth-interop:16.0.1] AndroidManifest.xml:5:5-44
MERGED from [com.google.firebase:firebase-auth-interop:16.0.1] AndroidManifest.xml:5:5-44
MERGED from [com.google.firebase:firebase-core:16.0.4] AndroidManifest.xml:5:5-44
MERGED from [com.google.firebase:firebase-core:16.0.4] AndroidManifest.xml:5:5-44
MERGED from [com.google.firebase:firebase-measurement-connector-impl:17.0.2] AndroidManifest.xml:20:5-44
MERGED from [com.google.firebase:firebase-measurement-connector-impl:17.0.2] AndroidManifest.xml:20:5-44
MERGED from [com.google.firebase:firebase-analytics:16.0.4] AndroidManifest.xml:20:5-44
MERGED from [com.google.firebase:firebase-analytics:16.0.4] AndroidManifest.xml:20:5-44
MERGED from [com.google.android.gms:play-services-measurement-api:16.0.2] AndroidManifest.xml:20:5-44
MERGED from [com.google.android.gms:play-services-measurement-api:16.0.2] AndroidManifest.xml:20:5-44
MERGED from [com.google.firebase:firebase-analytics-impl:16.2.2] AndroidManifest.xml:20:5-44
MERGED from [com.google.firebase:firebase-analytics-impl:16.2.2] AndroidManifest.xml:20:5-44
MERGED from [com.google.firebase:firebase-iid:17.0.4] AndroidManifest.xml:20:5-44
MERGED from [com.google.firebase:firebase-iid:17.0.4] AndroidManifest.xml:20:5-44
MERGED from [com.google.firebase:firebase-iid-interop:16.0.1] AndroidManifest.xml:5:5-44
MERGED from [com.google.firebase:firebase-iid-interop:16.0.1] AndroidManifest.xml:5:5-44
MERGED from [com.google.android.gms:play-services-base:16.0.1] AndroidManifest.xml:20:5-44
MERGED from [com.google.android.gms:play-services-base:16.0.1] AndroidManifest.xml:20:5-44
MERGED from [com.google.firebase:firebase-common:16.0.3] AndroidManifest.xml:5:5-7:41
MERGED from [com.google.firebase:firebase-common:16.0.3] AndroidManifest.xml:5:5-7:41
MERGED from [com.google.android.gms:play-services-tasks:16.0.1] AndroidManifest.xml:5:5-44
MERGED from [com.google.android.gms:play-services-tasks:16.0.1] AndroidManifest.xml:5:5-44
MERGED from [com.google.firebase:firebase-database-collection:16.0.0] AndroidManifest.xml:6:5-44
MERGED from [com.google.firebase:firebase-database-collection:16.0.0] AndroidManifest.xml:6:5-44
MERGED from [com.google.firebase:firebase-measurement-connector:17.0.1] AndroidManifest.xml:20:5-44
MERGED from [com.google.firebase:firebase-measurement-connector:17.0.1] AndroidManifest.xml:20:5-44
MERGED from [com.google.android.gms:play-services-stats:16.0.1] AndroidManifest.xml:5:5-44
MERGED from [com.google.android.gms:play-services-stats:16.0.1] AndroidManifest.xml:5:5-44
MERGED from [com.google.android.gms:play-services-ads-identifier:16.0.0] AndroidManifest.xml:20:5-44
MERGED from [com.google.android.gms:play-services-ads-identifier:16.0.0] AndroidManifest.xml:20:5-44
MERGED from [com.google.android.gms:play-services-basement:16.1.0] AndroidManifest.xml:20:5-44
MERGED from [com.google.android.gms:play-services-basement:16.1.0] AndroidManifest.xml:20:5-44
MERGED from [com.android.support:support-v4:27.1.1] AndroidManifest.xml:20:5-44
MERGED from [com.android.support:support-v4:27.1.1] AndroidManifest.xml:20:5-44
MERGED from [com.android.support:cardview-v7:27.1.1] AndroidManifest.xml:20:5-44
MERGED from [com.android.support:cardview-v7:27.1.1] AndroidManifest.xml:20:5-44
MERGED from [com.android.support:support-fragment:27.1.1] AndroidManifest.xml:20:5-44
MERGED from [com.android.support:support-fragment:27.1.1] AndroidManifest.xml:20:5-44
MERGED from [com.android.support:animated-vector-drawable:27.1.1] AndroidManifest.xml:20:5-44
MERGED from [com.android.support:animated-vector-drawable:27.1.1] AndroidManifest.xml:20:5-44
MERGED from [com.android.support:recyclerview-v7:27.1.1] AndroidManifest.xml:20:5-44
MERGED from [com.android.support:recyclerview-v7:27.1.1] AndroidManifest.xml:20:5-44
MERGED from [com.android.support:support-core-ui:27.1.1] AndroidManifest.xml:20:5-44
MERGED from [com.android.support:support-core-ui:27.1.1] AndroidManifest.xml:20:5-44
MERGED from [com.android.support:support-core-utils:27.1.1] AndroidManifest.xml:20:5-44
MERGED from [com.android.support:support-core-utils:27.1.1] AndroidManifest.xml:20:5-44
MERGED from [com.android.support:support-vector-drawable:27.1.1] AndroidManifest.xml:20:5-44
MERGED from [com.android.support:support-vector-drawable:27.1.1] AndroidManifest.xml:20:5-44
MERGED from [com.android.support:transition:27.1.1] AndroidManifest.xml:20:5-44
MERGED from [com.android.support:transition:27.1.1] AndroidManifest.xml:20:5-44
MERGED from [com.android.support:support-media-compat:27.1.1] AndroidManifest.xml:20:5-44
MERGED from [com.android.support:support-media-compat:27.1.1] AndroidManifest.xml:20:5-44
MERGED from [com.android.support:support-compat:27.1.1] AndroidManifest.xml:20:5-44
MERGED from [com.android.support:support-compat:27.1.1] AndroidManifest.xml:20:5-44
MERGED from [android.arch.lifecycle:runtime:1.1.1] AndroidManifest.xml:20:5-44
MERGED from [android.arch.lifecycle:runtime:1.1.1] AndroidManifest.xml:20:5-44
MERGED from [android.arch.lifecycle:livedata-core:1.1.0] AndroidManifest.xml:20:5-44
MERGED from [android.arch.lifecycle:livedata-core:1.1.0] AndroidManifest.xml:20:5-44
MERGED from [android.arch.core:runtime:1.1.1] AndroidManifest.xml:20:5-44
MERGED from [android.arch.core:runtime:1.1.1] AndroidManifest.xml:20:5-44
MERGED from [com.google.firebase:protolite-well-known-types:16.0.0] AndroidManifest.xml:7:5-9:41
MERGED from [com.google.firebase:protolite-well-known-types:16.0.0] AndroidManifest.xml:7:5-9:41
MERGED from [android.arch.lifecycle:viewmodel:1.1.0] AndroidManifest.xml:20:5-44
MERGED from [android.arch.lifecycle:viewmodel:1.1.0] AndroidManifest.xml:20:5-44
MERGED from [com.google.android.gms:play-services-measurement-base:16.0.3] AndroidManifest.xml:5:5-44
MERGED from [com.google.android.gms:play-services-measurement-base:16.0.3] AndroidManifest.xml:5:5-44
INJECTED from src/main/AndroidManifest.xml
INJECTED from src/main/AndroidManifest.xml
	android:targetSdkVersion
		INJECTED from src/main/AndroidManifest.xml
		ADDED from src/main/AndroidManifest.xml
		INJECTED from src/main/AndroidManifest.xml
	android:minSdkVersion
		INJECTED from src/main/AndroidManifest.xml
		ADDED from src/main/AndroidManifest.xml
		INJECTED from src/main/AndroidManifest.xml
activity#com.google.android.gms.auth.api.signin.internal.SignInHubActivity
ADDED from [com.google.android.gms:play-services-auth:16.0.1] AndroidManifest.xml:23:9-27:75
	android:excludeFromRecents
		ADDED from [com.google.android.gms:play-services-auth:16.0.1] AndroidManifest.xml:25:13-46
	android:exported
		ADDED from [com.google.android.gms:play-services-auth:16.0.1] AndroidManifest.xml:26:13-37
	android:theme
		ADDED from [com.google.android.gms:play-services-auth:16.0.1] AndroidManifest.xml:27:13-72
	android:name
		ADDED from [com.google.android.gms:play-services-auth:16.0.1] AndroidManifest.xml:24:13-93
service#com.google.android.gms.auth.api.signin.RevocationBoundService
ADDED from [com.google.android.gms:play-services-auth:16.0.1] AndroidManifest.xml:33:9-36:110
	android:exported
		ADDED from [com.google.android.gms:play-services-auth:16.0.1] AndroidManifest.xml:35:13-36
	android:permission
		ADDED from [com.google.android.gms:play-services-auth:16.0.1] AndroidManifest.xml:36:13-107
	android:name
		ADDED from [com.google.android.gms:play-services-auth:16.0.1] AndroidManifest.xml:34:13-89
activity#com.google.firebase.auth.internal.FederatedSignInActivity
ADDED from [com.google.firebase:firebase-auth:16.0.5] AndroidManifest.xml:24:9-31:50
	android:excludeFromRecents
		ADDED from [com.google.firebase:firebase-auth:16.0.5] AndroidManifest.xml:26:13-46
	android:launchMode
		ADDED from [com.google.firebase:firebase-auth:16.0.5] AndroidManifest.xml:28:13-44
	android:exported
		ADDED from [com.google.firebase:firebase-auth:16.0.5] AndroidManifest.xml:27:13-36
	android:permission
		ADDED from [com.google.firebase:firebase-auth:16.0.5] AndroidManifest.xml:29:13-102
	android:theme
		ADDED from [com.google.firebase:firebase-auth:16.0.5] AndroidManifest.xml:30:13-72
	tools:replace
		ADDED from [com.google.firebase:firebase-auth:16.0.5] AndroidManifest.xml:31:13-47
	android:name
		ADDED from [com.google.firebase:firebase-auth:16.0.5] AndroidManifest.xml:25:13-85
service#com.google.firebase.components.ComponentDiscoveryService
ADDED from [com.google.firebase:firebase-auth:16.0.5] AndroidManifest.xml:33:9-39:19
MERGED from [com.google.firebase:firebase-firestore:17.1.1] AndroidManifest.xml:14:9-18:19
MERGED from [com.google.firebase:firebase-firestore:17.1.1] AndroidManifest.xml:14:9-18:19
MERGED from [com.google.firebase:firebase-measurement-connector-impl:17.0.2] AndroidManifest.xml:27:9-31:19
MERGED from [com.google.firebase:firebase-measurement-connector-impl:17.0.2] AndroidManifest.xml:27:9-31:19
MERGED from [com.google.firebase:firebase-iid:17.0.4] AndroidManifest.xml:29:9-35:19
MERGED from [com.google.firebase:firebase-iid:17.0.4] AndroidManifest.xml:29:9-35:19
	android:exported
		ADDED from [com.google.firebase:firebase-auth:16.0.5] AndroidManifest.xml:35:13-37
	android:name
		ADDED from [com.google.firebase:firebase-auth:16.0.5] AndroidManifest.xml:34:13-84
meta-data#com.google.firebase.components:com.google.firebase.auth.FirebaseAuthRegistrar
ADDED from [com.google.firebase:firebase-auth:16.0.5] AndroidManifest.xml:36:13-38:85
	android:value
		ADDED from [com.google.firebase:firebase-auth:16.0.5] AndroidManifest.xml:38:17-82
	android:name
		ADDED from [com.google.firebase:firebase-auth:16.0.5] AndroidManifest.xml:37:17-109
uses-permission#android.permission.ACCESS_NETWORK_STATE
ADDED from [com.google.firebase:firebase-database:16.0.3] AndroidManifest.xml:22:5-79
MERGED from [com.google.firebase:firebase-firestore:17.1.1] AndroidManifest.xml:10:5-79
MERGED from [com.google.firebase:firebase-firestore:17.1.1] AndroidManifest.xml:10:5-79
MERGED from [com.google.firebase:firebase-measurement-connector-impl:17.0.2] AndroidManifest.xml:23:5-79
MERGED from [com.google.firebase:firebase-measurement-connector-impl:17.0.2] AndroidManifest.xml:23:5-79
MERGED from [com.google.firebase:firebase-analytics:16.0.4] AndroidManifest.xml:24:5-79
MERGED from [com.google.firebase:firebase-analytics:16.0.4] AndroidManifest.xml:24:5-79
MERGED from [com.google.firebase:firebase-analytics-impl:16.2.2] AndroidManifest.xml:24:5-79
MERGED from [com.google.firebase:firebase-analytics-impl:16.2.2] AndroidManifest.xml:24:5-79
MERGED from [com.google.firebase:firebase-iid:17.0.4] AndroidManifest.xml:22:5-79
MERGED from [com.google.firebase:firebase-iid:17.0.4] AndroidManifest.xml:22:5-79
	android:name
		ADDED from [com.google.firebase:firebase-database:16.0.3] AndroidManifest.xml:22:22-76
uses-permission#android.permission.INTERNET
ADDED from [com.google.firebase:firebase-database:16.0.3] AndroidManifest.xml:23:5-67
MERGED from [com.google.firebase:firebase-firestore:17.1.1] AndroidManifest.xml:11:5-67
MERGED from [com.google.firebase:firebase-firestore:17.1.1] AndroidManifest.xml:11:5-67
MERGED from [com.google.firebase:firebase-measurement-connector-impl:17.0.2] AndroidManifest.xml:22:5-67
MERGED from [com.google.firebase:firebase-measurement-connector-impl:17.0.2] AndroidManifest.xml:22:5-67
MERGED from [com.google.firebase:firebase-analytics:16.0.4] AndroidManifest.xml:23:5-67
MERGED from [com.google.firebase:firebase-analytics:16.0.4] AndroidManifest.xml:23:5-67
MERGED from [com.google.firebase:firebase-analytics-impl:16.2.2] AndroidManifest.xml:23:5-67
MERGED from [com.google.firebase:firebase-analytics-impl:16.2.2] AndroidManifest.xml:23:5-67
MERGED from [com.google.firebase:firebase-iid:17.0.4] AndroidManifest.xml:23:5-67
MERGED from [com.google.firebase:firebase-iid:17.0.4] AndroidManifest.xml:23:5-67
	android:name
		ADDED from [com.google.firebase:firebase-database:16.0.3] AndroidManifest.xml:23:22-64
service#com.google.firebase.messaging.FirebaseMessagingService
ADDED from [com.google.firebase:firebase-messaging:17.3.4] AndroidManifest.xml:28:9-34:19
	android:exported
		ADDED from [com.google.firebase:firebase-messaging:17.3.4] AndroidManifest.xml:30:13-36
	android:name
		ADDED from [com.google.firebase:firebase-messaging:17.3.4] AndroidManifest.xml:29:13-82
meta-data#com.google.firebase.components:com.google.firebase.firestore.FirestoreRegistrar
ADDED from [com.google.firebase:firebase-firestore:17.1.1] AndroidManifest.xml:15:13-17:85
	android:value
		ADDED from [com.google.firebase:firebase-firestore:17.1.1] AndroidManifest.xml:17:17-82
	android:name
		ADDED from [com.google.firebase:firebase-firestore:17.1.1] AndroidManifest.xml:16:17-111
uses-permission#android.permission.WAKE_LOCK
ADDED from [com.google.firebase:firebase-measurement-connector-impl:17.0.2] AndroidManifest.xml:24:5-68
MERGED from [com.google.firebase:firebase-analytics:16.0.4] AndroidManifest.xml:25:5-68
MERGED from [com.google.firebase:firebase-analytics:16.0.4] AndroidManifest.xml:25:5-68
MERGED from [com.google.firebase:firebase-analytics-impl:16.2.2] AndroidManifest.xml:25:5-68
MERGED from [com.google.firebase:firebase-analytics-impl:16.2.2] AndroidManifest.xml:25:5-68
MERGED from [com.google.firebase:firebase-iid:17.0.4] AndroidManifest.xml:24:5-68
MERGED from [com.google.firebase:firebase-iid:17.0.4] AndroidManifest.xml:24:5-68
	android:name
		ADDED from [com.google.firebase:firebase-measurement-connector-impl:17.0.2] AndroidManifest.xml:24:22-65
meta-data#com.google.firebase.components:com.google.firebase.analytics.connector.internal.AnalyticsConnectorRegistrar
ADDED from [com.google.firebase:firebase-measurement-connector-impl:17.0.2] AndroidManifest.xml:28:13-30:85
	android:value
		ADDED from [com.google.firebase:firebase-measurement-connector-impl:17.0.2] AndroidManifest.xml:30:17-82
	android:name
		ADDED from [com.google.firebase:firebase-measurement-connector-impl:17.0.2] AndroidManifest.xml:29:17-139
uses-permission#com.google.android.finsky.permission.BIND_GET_INSTALL_REFERRER_SERVICE
ADDED from [com.google.firebase:firebase-analytics:16.0.4] AndroidManifest.xml:26:5-110
MERGED from [com.google.firebase:firebase-analytics-impl:16.2.2] AndroidManifest.xml:26:5-110
MERGED from [com.google.firebase:firebase-analytics-impl:16.2.2] AndroidManifest.xml:26:5-110
	android:name
		ADDED from [com.google.firebase:firebase-analytics:16.0.4] AndroidManifest.xml:26:22-107
receiver#com.google.android.gms.measurement.AppMeasurementReceiver
ADDED from [com.google.firebase:firebase-analytics:16.0.4] AndroidManifest.xml:29:9-33:20
	android:enabled
		ADDED from [com.google.firebase:firebase-analytics:16.0.4] AndroidManifest.xml:31:13-35
	android:exported
		ADDED from [com.google.firebase:firebase-analytics:16.0.4] AndroidManifest.xml:32:13-37
	android:name
		ADDED from [com.google.firebase:firebase-analytics:16.0.4] AndroidManifest.xml:30:13-85
receiver#com.google.android.gms.measurement.AppMeasurementInstallReferrerReceiver
ADDED from [com.google.firebase:firebase-analytics:16.0.4] AndroidManifest.xml:34:9-42:20